<?xml version="1.0" encoding="UTF-8"?>
<testsuites name="jest tests" tests="9" failures="0" errors="0" time="19.047">
  <testsuite name="undefined" errors="0" failures="0" skipped="2" timestamp="2025-06-25T16:35:02" time="15.844" tests="2">
    <testcase classname=" Only Even Numbers" name=" Only Even Numbers" time="0">
      <skipped/>
    </testcase>
    <testcase classname=" Only String" name=" Only String" time="0">
      <skipped/>
    </testcase>
  </testsuite>
  <testsuite name="undefined" errors="0" failures="0" skipped="0" timestamp="2025-06-25T16:35:02" time="18.066" tests="7">
    <testcase classname=" Is Correct Password" name=" Is Correct Password" time="0.224">
    </testcase>
    <testcase classname=" Is User An Admin" name=" Is User An Admin" time="0.024">
    </testcase>
    <testcase classname=" Is Valid User Schema" name=" Is Valid User Schema" time="0.008">
    </testcase>
    <testcase classname=" Is Valid User Birthdate" name=" Is Valid User Birthdate" time="0.003">
    </testcase>
    <testcase classname=" Button Class Color: primary" name=" Button Class Color: primary" time="0.001">
    </testcase>
    <testcase classname=" Button Class Color: secondary" name=" Button Class Color: secondary" time="0.001">
    </testcase>
    <testcase classname=" Button Class Color: tertiary" name=" Button Class Color: tertiary" time="0.001">
    </testcase>
  </testsuite>
</testsuites>